<?xml version="1.0" encoding="UTF-8"?>
<!-- Generated by org.testng.reporters.JUnitReportReporter -->
<testsuite hostname="LAPTOP-D9B72J2S" failures="0" tests="3" name="com.crm.qa.testdata.LoginPageTest" time="39.761" errors="0" timestamp="2022-04-23T15:32:04 IST" skipped="0">
  <testcase classname="com.crm.qa.testdata.LoginPageTest" name="validateLoginPageTitleTest" time="13.112"/>
  <system-out/>
  <testcase classname="com.crm.qa.testdata.LoginPageTest" name="validateResetbuttonTest" time="9.243"/>
  <system-out/>
  <testcase classname="com.crm.qa.testdata.LoginPageTest" name="LoginTest" time="17.406"/>
  <system-out/>
</testsuite> <!-- com.crm.qa.testdata.LoginPageTest -->
