<?xml version="1.0" encoding="UTF-8"?>
<!-- Generated by org.testng.reporters.JUnitReportReporter -->
<testsuite hostname="LAPTOP-D9B72J2S" failures="0" tests="2" name="com.crm.qa.testcases.LoginPageTest" time="50.259" errors="0" timestamp="2022-06-29T15:58:24 IST" skipped="0">
  <testcase classname="com.crm.qa.testcases.LoginPageTest" name="VerifyLoginPageTitleTest" time="21.087"/>
  <system-out/>
  <testcase classname="com.crm.qa.testcases.LoginPageTest" name="VerifyLoginTest" time="29.172"/>
  <system-out/>
</testsuite> <!-- com.crm.qa.testcases.LoginPageTest -->
