<?xml version="1.0" encoding="UTF-8"?>
<!-- Generated by org.testng.reporters.JUnitReportReporter -->
<testsuite hostname="LAPTOP-D9B72J2S" failures="0" tests="3" name="com.crm.qa.testcases.HomePageTest" time="104.346" errors="0" timestamp="2022-09-27T20:40:42 IST" skipped="1">
  <testcase classname="com.crm.qa.testcases.HomePageTest" name="VerifyusernameTest" time="50.493"/>
  <system-out/>
  <testcase classname="com.crm.qa.testcases.HomePageTest" name="VerifycrmlogoTest" time="53.853"/>
  <system-out/>
  <testcase classname="com.crm.qa.testcases.HomePageTest" name="Verify_Contacts_linkTest">
    <skipped/>
  </testcase> <!-- Verify_Contacts_linkTest -->
  <system-out/>
</testsuite> <!-- com.crm.qa.testcases.HomePageTest -->
