<?xml version="1.0" encoding="UTF-8"?>
<!-- Generated by org.testng.reporters.JUnitReportReporter -->
<testsuite hostname="LAPTOP-D9B72J2S" failures="0" tests="1" name="com.crm.qa.testcases.ContactspageTest" time="42.643" errors="0" timestamp="2022-06-29T15:58:23 IST" skipped="0">
  <testcase classname="com.crm.qa.testcases.ContactspageTest" name="Verify_user_is_able_to_create_contact" time="42.643"/>
  <system-out/>
</testsuite> <!-- com.crm.qa.testcases.ContactspageTest -->
