<?xml version="1.0" encoding="UTF-8"?>
<!-- Generated by org.testng.reporters.JUnitReportReporter -->
<testsuite hostname="LAPTOP-D9B72J2S" failures="0" tests="2" name="com.crm.qa.testcases.LoginPageTest" time="84.023" errors="0" timestamp="2022-09-27T20:40:42 IST" skipped="0">
  <testcase classname="com.crm.qa.testcases.LoginPageTest" name="VerifyLoginPageTitleTest" time="31.527"/>
  <system-out/>
  <testcase classname="com.crm.qa.testcases.LoginPageTest" name="VerifyLoginTest" time="52.496"/>
  <system-out/>
</testsuite> <!-- com.crm.qa.testcases.LoginPageTest -->
