<?xml version="1.0" encoding="UTF-8"?>
<!-- Generated by org.testng.reporters.JUnitReportReporter -->
<testsuite hostname="LAPTOP-D9B72J2S" failures="0" tests="3" name="com.crm.qa.testcases.HomePageTest" time="68.301" errors="0" timestamp="2022-06-29T15:58:24 IST" skipped="0">
  <testcase classname="com.crm.qa.testcases.HomePageTest" name="VerifyusernameTest" time="22.771"/>
  <system-out/>
  <testcase classname="com.crm.qa.testcases.HomePageTest" name="VerifycrmlogoTest" time="22.479"/>
  <system-out/>
  <testcase classname="com.crm.qa.testcases.HomePageTest" name="Verify_Contacts_linkTest" time="23.051"/>
  <system-out/>
</testsuite> <!-- com.crm.qa.testcases.HomePageTest -->
