<?xml version="1.0" encoding="UTF-8"?>
<!-- Generated by org.testng.reporters.JUnitReportReporter -->
<testsuite hostname="LAPTOP-D9B72J2S" failures="0" tests="3" name="com.crm.qa.testdata.HomePageTest" time="43.329" errors="0" timestamp="2022-04-23T15:34:10 IST" skipped="0">
  <testcase classname="com.crm.qa.testdata.HomePageTest" name="verifyhomepagetitleTest" time="11.133"/>
  <system-out/>
  <testcase classname="com.crm.qa.testdata.HomePageTest" name="verifywelcometextTest" time="12.113"/>
  <system-out/>
  <testcase classname="com.crm.qa.testdata.HomePageTest" name="clickonnewcustomerTest" time="20.083"/>
  <system-out/>
</testsuite> <!-- com.crm.qa.testdata.HomePageTest -->
