<?xml version="1.0" encoding="UTF-8"?>
<!-- Generated by org.testng.reporters.JUnitReportReporter -->
<testsuite hostname="LAPTOP-D9B72J2S" failures="0" tests="2" name="com.crm.qa.testcases.LoginPageTest" time="42.296" errors="0" timestamp="2022-07-10T13:05:24 IST" skipped="0">
  <testcase classname="com.crm.qa.testcases.LoginPageTest" name="VerifyLoginPageTitleTest" time="22.973"/>
  <system-out/>
  <testcase classname="com.crm.qa.testcases.LoginPageTest" name="VerifyLoginTest" time="19.323"/>
  <system-out/>
</testsuite> <!-- com.crm.qa.testcases.LoginPageTest -->
