<?xml version="1.0" encoding="UTF-8"?>
<!-- Generated by org.testng.reporters.JUnitReportReporter -->
<testsuite hostname="LAPTOP-D9B72J2S" failures="0" tests="3" name="com.crm.qa.testcases.HomePageTest" time="61.132" errors="0" timestamp="2022-07-10T13:05:24 IST" skipped="0">
  <testcase classname="com.crm.qa.testcases.HomePageTest" name="VerifyusernameTest" time="20.599"/>
  <system-out/>
  <testcase classname="com.crm.qa.testcases.HomePageTest" name="VerifycrmlogoTest" time="20.299"/>
  <system-out/>
  <testcase classname="com.crm.qa.testcases.HomePageTest" name="Verify_Contacts_linkTest" time="20.234"/>
  <system-out/>
</testsuite> <!-- com.crm.qa.testcases.HomePageTest -->
